12:56:54,690 INF core.configuration.product: Loading information about products from /etc/anaconda/product.d.
12:56:54,691 INF core.configuration.product: Found AlmaLinux at /etc/anaconda/product.d/almalinux.conf.
12:56:54,691 INF core.configuration.product: Found CentOS Stream at /etc/anaconda/product.d/centos-stream.conf.
12:56:54,691 INF core.configuration.product: Found CentOS Linux at /etc/anaconda/product.d/centos.conf.
12:56:54,692 INF core.configuration.product: Found Fedora AtomicHost at /etc/anaconda/product.d/fedora-atomic-host.conf.
12:56:54,692 INF core.configuration.product: Found Fedora Server at /etc/anaconda/product.d/fedora-server.conf.
12:56:54,692 INF core.configuration.product: Found Fedora Silverblue at /etc/anaconda/product.d/fedora-silverblue.conf.
12:56:54,692 INF core.configuration.product: Found Fedora Workstation Live at /etc/anaconda/product.d/fedora-workstation-live.conf.
12:56:54,692 INF core.configuration.product: Found Fedora Workstation at /etc/anaconda/product.d/fedora-workstation.conf.
12:56:54,693 INF core.configuration.product: Found Fedora at /etc/anaconda/product.d/fedora.conf.
12:56:54,693 INF core.configuration.product: Found oVirt Node Next at /etc/anaconda/product.d/ovirt.conf.
12:56:54,693 INF core.configuration.product: Found Red Hat Enterprise Linux at /etc/anaconda/product.d/rhel.conf.
12:56:54,694 INF core.configuration.product: Found Red Hat Virtualization at /etc/anaconda/product.d/rhev.conf.
12:56:54,694 INF core.configuration.product: Found Scientific Linux at /etc/anaconda/product.d/scientific-linux.conf.
12:56:54,694 WRN core.configuration.product: No support for the product Linux.
12:56:54,694 WRN core.configuration.product: No support for the product Linux.
12:56:54,694 INF core.configuration.product: The product Red Hat Enterprise Linux is supported.
12:56:54,697 INF main: /usr/sbin/anaconda 33.16.6.7-1.el8
12:56:55,322 INF isys: 24550460 kB (23975 MB) are available
12:56:55,325 INF startup_utils: check_memory(): total:23975, needed:320, graphical:410
12:56:55,325 INF startup_utils: Switching logging level to debug
12:56:55,325 INF main: anaconda called with cmdline = ['/usr/sbin/anaconda', '--kickstart', '/home/tfsupport/MSCloudServer/msposapp/bin/centos8-rti.ks', '--cmdline', '--loglevel', 'debug', '--dirinstall', '--remotelog', '127.0.0.1:54647']
12:56:55,326 INF main: Default encoding = utf-8 
12:56:55,326 INF misc: Writing a temporary configuration loaded from: ['/run/anaconda/anaconda.conf', '/etc/anaconda/product.d/rhel.conf', '/etc/anaconda/conf.d/00-do-nothing.conf', '/etc/anaconda/conf.d/01-still-do-nothing.conf']
12:56:55,331 INF core.dbus: Connecting to the Anaconda bus at unix:abstract=/tmp/dbus-HxPOgRDdA2,guid=680858d346b780b197f6e944631f72e7.
12:56:57,506 INF main: Found a kickstart file: /home/tfsupport/MSCloudServer/msposapp/bin/centos8-rti.ks
12:56:57,524 INF startup_utils: Parsing kickstart: /home/tfsupport/MSCloudServer/msposapp/bin/centos8-rti.ks
12:56:57,656 WRN misc: /usr/lib64/python3.6/site-packages/pyanaconda/kickstart.py:530: KickstartParseWarning: The authconfig command will be deprecated, use authselect instead.
  warnings.warn(warn.message, KickstartParseWarning)

12:56:57,657 WRN kickstart: Command url will be parsed in DBus module.
12:56:57,657 WRN misc: /usr/lib/python3.6/site-packages/pykickstart/base.py:215: KickstartDeprecationWarning: Ignoring deprecated command on line 3:  The install command has been deprecated and no longer has any effect.  It may be removed from future releases, which will result in a fatal error from kickstart.  Please modify your kickstart file to remove this command.
  warnings.warn(_("Ignoring deprecated command on line %(lineno)s:  The %(cmd)s command has been deprecated and no longer has any effect.  It may be removed from future releases, which will result in a fatal error from kickstart.  Please modify your kickstart file to remove this command.") % mapping, KickstartDeprecationWarning)

12:56:57,657 WRN kickstart: Command keyboard will be parsed in DBus module.
12:56:57,657 WRN kickstart: Command rootpw will be parsed in DBus module.
12:56:57,657 WRN kickstart: Command selinux will be parsed in DBus module.
12:56:57,657 WRN kickstart: Command skipx will be parsed in DBus module.
12:56:57,657 WRN kickstart: Command timezone will be parsed in DBus module.
12:56:57,657 WRN misc: /usr/lib/python3.6/site-packages/pykickstart/base.py:215: KickstartDeprecationWarning: Ignoring deprecated command on line 9:  The install command has been deprecated and no longer has any effect.  It may be removed from future releases, which will result in a fatal error from kickstart.  Please modify your kickstart file to remove this command.
  warnings.warn(_("Ignoring deprecated command on line %(lineno)s:  The %(cmd)s command has been deprecated and no longer has any effect.  It may be removed from future releases, which will result in a fatal error from kickstart.  Please modify your kickstart file to remove this command.") % mapping, KickstartDeprecationWarning)

12:56:57,657 WRN kickstart: Command network will be parsed in DBus module.
12:56:57,658 WRN kickstart: Command bootloader will be parsed in DBus module.
12:56:57,658 WRN kickstart: Command lang will be parsed in DBus module.
12:56:57,658 WRN kickstart: Command auth will be parsed in DBus module.
12:56:57,658 WRN kickstart: Command firewall will be parsed in DBus module.
12:56:57,658 WRN kickstart: Command firstboot will be parsed in DBus module.
12:56:57,658 WRN kickstart: Command zerombr will be parsed in DBus module.
12:56:57,658 WRN kickstart: Command clearpart will be parsed in DBus module.
12:56:57,658 WRN kickstart: Command part will be parsed in DBus module.
12:56:57,760 DBG localization: setting locale to: en_US.UTF-8
12:56:57,768 INF threading: Running Thread: AnaWaitForConnectingNMThread (139717758097152)
12:56:57,768 DBG anaconda: setting display mode to TUI
12:56:57,768 DBG anaconda: working in noninteractive mode
12:56:57,771 WRN stdout: Not asking for VNC because of an automated install
12:56:57,771 INF anaconda: Display mode is set to 'noninteractive text mode'.
12:56:57,771 DBG network: NetworkManager client not available (system does not provide it).
12:56:57,772 INF network: got 0 NTP servers from DHCP
12:56:57,772 INF isys: 24550460 kB (23975 MB) are available
12:56:57,775 INF threading: Thread Done: AnaWaitForConnectingNMThread (139717758097152)
12:56:57,776 INF startup_utils: check_memory(): total:23975, needed:320, graphical:410
12:56:57,878 DBG core.storage: LABEL=OEMDRV matches [] for devicetree=None and disks_only=True
12:56:57,880 DBG startup_utils: Skip the clock initialization.
12:56:57,890 DBG payload.manager: Restarting payload thread
12:56:57,890 INF threading: Running Thread: AnaPayloadRestartThread (139717758097152)
12:56:57,890 INF geoloc: Geolocation is disabled for image or directory installation.
12:56:57,891 DBG startup_utils: Skip the time synchronization.
12:56:57,891 INF threading: Running Thread: AnaPayloadThread (139717740009216)
12:56:57,891 INF threading: Thread Done: AnaPayloadRestartThread (139717758097152)12:56:57,891 DBG payload.manager: Updating payload thread state: STARTED

12:56:57,891 DBG payload.manager: Updating payload thread state: WAITING_STORAGE
12:56:57,891 DBG payload.manager: Updating payload thread state: WAITING_NETWORK
12:56:57,891 DBG payload.manager: Updating payload thread state: DOWNLOADING_PKG_METADATA
12:56:57,895 DBG simpleline: GLib event loop is used!
12:56:57,908 INF core.util: Skipping detection of unsupported hardware.
12:56:57,908 INF core.util: Skipping detection of SMT.
12:56:57,920 INF lifecycle: Adding controller: SummaryHub
12:56:57,948 INF lifecycle: Module initialized: LangSpoke
12:56:57,951 INF lifecycle: Module initialized: TimeSpoke
12:56:57,951 INF threading: Running Thread: AnaSourceWatcher (139717758097152)
12:56:57,952 INF threading: Running Thread: AnaSoftwareWatcher (139717724870400)
12:56:57,955 WRN ui.tui.hubs: Spoke StorageSpoke initialization failure!
12:56:57,956 INF lifecycle: Module initialized: PasswordSpoke
12:56:57,958 WRN ui.tui.hubs: Spoke PasswordSpoke initialization failure!
12:56:57,961 INF lifecycle: Module initialized: UserSpoke
12:56:57,962 INF lifecycle: Initialization of all modules (6) has been started.
12:56:58,896 DBG payload.manager: Updating payload thread state: DOWNLOADING_GROUP_METADATA
12:56:58,899 ERR payload.manager: No base repo configured
12:56:58,899 DBG payload.manager: Updating payload thread state: ERROR
12:56:58,909 INF threading: Thread Done: AnaPayloadThread (139717740009216)
12:56:58,909 DBG ui.tui.spokes.software_selection: Apply called old env None, new env None and addons set()
12:56:58,909 INF lifecycle: Module initialized: SoftwareSpoke
12:56:58,909 INF threading: Thread Done: AnaSoftwareWatcher (139717724870400)
12:56:58,911 INF lifecycle: Module initialized: SourceSpoke
12:56:58,911 INF lifecycle: All modules have been initialized.
12:56:58,911 INF threading: Thread Done: AnaSourceWatcher (139717758097152)
12:56:58,964 DBG simpleline: Scheduling screen SummaryHub
12:56:58,964 DBG simpleline: New signal RenderScreenSignal enqueued with source ScreenScheduler
12:56:58,965 DBG simpleline: Scheduling screen ProgressSpoke
12:56:58,965 DBG simpleline: Starting main loop
12:56:58,965 DBG simpleline: Processing screen ScreenData(SummaryHub,None,False)
12:56:58,975 DBG simpleline: Input is required by ScreenData(SummaryHub,None,False) screen
12:56:58,979 ERR ui.tui.hubs.summary: CmdlineError: The following mandatory spokes are not completed:
Installation source
Software selection
12:56:58,979 DBG simpleline: New signal ExceptionSignal enqueued with source ScreenScheduler
12:56:58,979 DBG simpleline: Executing inner loop
12:56:58,979 DBG simpleline: New signal ExceptionSignal enqueued with source ScreenScheduler
12:56:58,979 ERR ui.tui: 
======= Screen stack =======
----------- TOP ------------
ScreenData(SummaryHub,None,False)
ScreenData(ProgressSpoke,None,False)
============================

12:56:58,979 DBG exception: running handleException
12:56:58,979 CRT exception: Traceback (most recent call last):

  File "/usr/lib/python3.6/site-packages/simpleline/render/screen_scheduler.py", line 245, in _process_screen
    top_screen.ui_screen.get_input_with_error_check(top_screen.args)

  File "/usr/lib/python3.6/site-packages/simpleline/render/screen/__init__.py", line 285, in get_input_with_error_check
    self._input_manager.get_input(args=args)

  File "/usr/lib/python3.6/site-packages/simpleline/render/screen/input_manager.py", line 91, in get_input
    prompt = self._ui_screen.prompt(args)

  File "/usr/lib64/python3.6/site-packages/pyanaconda/ui/tui/hubs/summary.py", line 118, in prompt
    raise CmdlineError(errtxt)

pyanaconda.errors.CmdlineError: The following mandatory spokes are not completed:
Installation source
Software selection

12:56:59,010 DBG exception: Gtk cannot be initialized
12:56:59,010 DBG exception: In the main thread, running exception handler
12:56:59,010 INF core.util: Running kickstart %%onerror script(s)
12:56:59,010 INF core.util: All kickstart %%onerror script(s) have been run
12:56:59,010 INF kickstart.script: Running kickstart %%traceback script(s)
12:56:59,010 INF kickstart.script: All kickstart %%traceback script(s) have been run
