dbus-daemon[231339]: Activating service name='org.fedoraproject.Anaconda.Boss' requested by ':1.0' (uid=0 pid=231335 comm="/usr/libexec/platform-python /usr/sbin/anaconda --" label="unconfined_u:system_r:install_t:s0-s0:c0.c1023")
dbus-daemon[231339]: Successfully activated service 'org.fedoraproject.Anaconda.Boss'
dbus-daemon[231339]: Activating service name='org.fedoraproject.Anaconda.Modules.Timezone' requested by ':1.1' (uid=0 pid=231345 comm="/usr/libexec/platform-python -m pyanaconda.modules" label="unconfined_u:system_r:install_t:s0-s0:c0.c1023")
dbus-daemon[231339]: Activating service name='org.fedoraproject.Anaconda.Modules.Network' requested by ':1.1' (uid=0 pid=231345 comm="/usr/libexec/platform-python -m pyanaconda.modules" label="unconfined_u:system_r:install_t:s0-s0:c0.c1023")
dbus-daemon[231339]: Activating service name='org.fedoraproject.Anaconda.Modules.Localization' requested by ':1.1' (uid=0 pid=231345 comm="/usr/libexec/platform-python -m pyanaconda.modules" label="unconfined_u:system_r:install_t:s0-s0:c0.c1023")
dbus-daemon[231339]: Activating service name='org.fedoraproject.Anaconda.Modules.Security' requested by ':1.1' (uid=0 pid=231345 comm="/usr/libexec/platform-python -m pyanaconda.modules" label="unconfined_u:system_r:install_t:s0-s0:c0.c1023")
dbus-daemon[231339]: Activating service name='org.fedoraproject.Anaconda.Modules.Users' requested by ':1.1' (uid=0 pid=231345 comm="/usr/libexec/platform-python -m pyanaconda.modules" label="unconfined_u:system_r:install_t:s0-s0:c0.c1023")
dbus-daemon[231339]: Activating service name='org.fedoraproject.Anaconda.Modules.Payloads' requested by ':1.1' (uid=0 pid=231345 comm="/usr/libexec/platform-python -m pyanaconda.modules" label="unconfined_u:system_r:install_t:s0-s0:c0.c1023")
dbus-daemon[231339]: Activating service name='org.fedoraproject.Anaconda.Modules.Storage' requested by ':1.1' (uid=0 pid=231345 comm="/usr/libexec/platform-python -m pyanaconda.modules" label="unconfined_u:system_r:install_t:s0-s0:c0.c1023")
dbus-daemon[231339]: Activating service name='org.fedoraproject.Anaconda.Modules.Services' requested by ':1.1' (uid=0 pid=231345 comm="/usr/libexec/platform-python -m pyanaconda.modules" label="unconfined_u:system_r:install_t:s0-s0:c0.c1023")
dbus-daemon[231339]: Activating service name='org.fedoraproject.Anaconda.Modules.Subscription' requested by ':1.1' (uid=0 pid=231345 comm="/usr/libexec/platform-python -m pyanaconda.modules" label="unconfined_u:system_r:install_t:s0-s0:c0.c1023")
dbus-daemon[231339]: Successfully activated service 'org.fedoraproject.Anaconda.Modules.Payloads'
dbus-daemon[231339]: Successfully activated service 'org.fedoraproject.Anaconda.Modules.Security'
dbus-daemon[231339]: Successfully activated service 'org.fedoraproject.Anaconda.Modules.Network'
dbus-daemon[231339]: Successfully activated service 'org.fedoraproject.Anaconda.Modules.Subscription'
dbus-daemon[231339]: Successfully activated service 'org.fedoraproject.Anaconda.Modules.Users'
dbus-daemon[231339]: Successfully activated service 'org.fedoraproject.Anaconda.Modules.Services'
dbus-daemon[231339]: Successfully activated service 'org.fedoraproject.Anaconda.Modules.Storage'
dbus-daemon[231339]: Successfully activated service 'org.fedoraproject.Anaconda.Modules.Timezone'
dbus-daemon[231339]: Successfully activated service 'org.fedoraproject.Anaconda.Modules.Localization'
