12:56:57,735 DBG dnf: User-Agent: constructed: 'libdnf (Red Hat Enterprise Linux 8.6; generic; Linux.x86_64)'
12:56:57,737 INF packaging: setting DNF platform id to: platform:el8
12:56:57,737 DBG packaging: getting release version from tree at None (8)
12:56:57,737 DBG packaging: using default release version of 8
12:56:57,742 DBG packaging: Dnf configuration:
[main]
allow_vendor_change = 1
assumeno = 0
assumeyes = 0
autocheck_running_kernel = 1
bandwidth = 0
best = 0
bugtracker_url = https://bugzilla.redhat.com/enter_bug.cgi?product=Fedora&component=dnf
cachedir = /tmp/dnf.cache
cacheonly = 0
check_config_file_age = 1
clean_requirements_on_remove = 1
color = auto
color_list_available_downgrade = magenta
color_list_available_install = bold,cyan
color_list_available_reinstall = bold,underline,green
color_list_available_upgrade = bold,blue
color_list_installed_extra = bold,red
color_list_installed_newer = bold,yellow
color_list_installed_older = yellow
color_list_installed_reinstall = cyan
color_search_match = bold,magenta
color_update_installed = red
color_update_local = green
color_update_remote = bold,green
config_file_path = /etc/dnf/dnf.conf
countme = 0
debug_solver = 0
debuglevel = 2
defaultyes = 0
deltarpm = 1
deltarpm_percentage = 75
disable_excludes = 
diskspacecheck = 1
enabled = 1
enablegroups = 1
errorlevel = 3
exclude = 
excludepkgs = 
exit_on_lock = 0
fastestmirror = 0
gpgcheck = 0
gpgkey_dns_verification = 0
group_package_types = mandatory, default, conditional
history_list_view = commands
history_record = 1
history_record_packages = dnf, rpm
ignorearch = 0
includepkgs = 
install_weak_deps = 1
installonly_limit = 3
installonlypkgs = kernel, kernel-PAE, installonlypkg(kernel), installonlypkg(kernel-module), installonlypkg(vm), multiversion(kernel)
installroot = /mnt/sysroot
ip_resolve = whatever
keepcache = 0
localpkg_gpgcheck = 0
log_compress = 0
log_rotate = 4
log_size = 1048576
logdir = /tmp/
logfilelevel = 9
max_parallel_downloads = 3
metadata_expire = 172800
metadata_timer_sync = 10800
minrate = 1000
module_obsoletes = 0
module_platform_id = platform:el8
module_stream_switch = 0
multilib_policy = best
obsoletes = 1
password = 
persistdir = /mnt/sysroot/var/lib/dnf
pluginconfpath = /tmp/dnf.pluginconf
pluginpath = /usr/lib/python3.6/site-packages/dnf-plugins
plugins = 1
protect_running_kernel = 1
protected_packages = dnf, dnf, redhat-release, setup, systemd, systemd-udev, yum, sudo, dnf, redhat-release, setup, systemd, systemd-udev, yum, sudo
proxy = 
proxy_auth_method = any
proxy_sslcacert = 
proxy_sslclientcert = 
proxy_sslclientkey = 
proxy_sslverify = 1
recent = 7
repo_gpgcheck = 0
reposdir = /etc/yum.repos.d, /etc/anaconda.repos.d, /tmp/updates/anaconda.repos.d, /tmp/product/anaconda.repos.d
reset_nice = 1
retries = 10
rpmverbosity = info
showdupesfromrepos = 0
skip_broken = 0
skip_if_unavailable = 0
sslcacert = 
sslclientcert = 
sslclientkey = 
sslverify = 1
sslverifystatus = 0
strict = 1
system_cachedir = /var/cache/dnf
throttle = 0
timeout = 30
transformdb = 1
tsflags = 
upgrade_group_objects_upgrade = 1
user_agent = libdnf (Red Hat Enterprise Linux 8.6; generic; Linux.x86_64)
username = 
varsdir = /etc/yum/vars, /etc/dnf/vars
zchunk = 1

12:56:57,748 DBG dnf: User-Agent: constructed: 'libdnf (Red Hat Enterprise Linux 8.6; generic; Linux.x86_64)'
12:56:57,749 DDEBUG dnf: Cleaning up.
12:56:57,749 INF packaging: setting DNF platform id to: platform:el8
12:56:57,749 DBG packaging: getting release version from tree at None (8)
12:56:57,749 DBG packaging: using default release version of 8
12:56:57,753 DDEBUG dnf: Getting group metadata
12:56:57,753 DDEBUG dnf: timer: loading comps: 0 ms
12:56:57,754 DBG packaging: Dnf configuration:
[main]
allow_vendor_change = 1
assumeno = 0
assumeyes = 0
autocheck_running_kernel = 1
bandwidth = 0
best = 0
bugtracker_url = https://bugzilla.redhat.com/enter_bug.cgi?product=Fedora&component=dnf
cachedir = /tmp/dnf.cache
cacheonly = 0
check_config_file_age = 1
clean_requirements_on_remove = 1
color = auto
color_list_available_downgrade = magenta
color_list_available_install = bold,cyan
color_list_available_reinstall = bold,underline,green
color_list_available_upgrade = bold,blue
color_list_installed_extra = bold,red
color_list_installed_newer = bold,yellow
color_list_installed_older = yellow
color_list_installed_reinstall = cyan
color_search_match = bold,magenta
color_update_installed = red
color_update_local = green
color_update_remote = bold,green
config_file_path = /etc/dnf/dnf.conf
countme = 0
debug_solver = 0
debuglevel = 2
defaultyes = 0
deltarpm = 1
deltarpm_percentage = 75
disable_excludes = 
diskspacecheck = 1
enabled = 1
enablegroups = 1
errorlevel = 3
exclude = 
excludepkgs = 
exit_on_lock = 0
fastestmirror = 0
gpgcheck = 0
gpgkey_dns_verification = 0
group_package_types = mandatory, default, conditional
history_list_view = commands
history_record = 1
history_record_packages = dnf, rpm
ignorearch = 0
includepkgs = 
install_weak_deps = 1
installonly_limit = 3
installonlypkgs = kernel, kernel-PAE, installonlypkg(kernel), installonlypkg(kernel-module), installonlypkg(vm), multiversion(kernel)
installroot = /mnt/sysroot
ip_resolve = whatever
keepcache = 0
localpkg_gpgcheck = 0
log_compress = 0
log_rotate = 4
log_size = 1048576
logdir = /tmp/
logfilelevel = 9
max_parallel_downloads = 3
metadata_expire = 172800
metadata_timer_sync = 10800
minrate = 1000
module_obsoletes = 0
module_platform_id = platform:el8
module_stream_switch = 0
multilib_policy = best
obsoletes = 1
password = 
persistdir = /mnt/sysroot/var/lib/dnf
pluginconfpath = /tmp/dnf.pluginconf
pluginpath = /usr/lib/python3.6/site-packages/dnf-plugins
plugins = 1
protect_running_kernel = 1
protected_packages = dnf, dnf, redhat-release, setup, systemd, systemd-udev, yum, sudo, dnf, redhat-release, setup, systemd, systemd-udev, yum, sudo
proxy = 
proxy_auth_method = any
proxy_sslcacert = 
proxy_sslclientcert = 
proxy_sslclientkey = 
proxy_sslverify = 1
recent = 7
repo_gpgcheck = 0
reposdir = /etc/yum.repos.d, /etc/anaconda.repos.d, /tmp/updates/anaconda.repos.d, /tmp/product/anaconda.repos.d
reset_nice = 1
retries = 10
rpmverbosity = info
showdupesfromrepos = 0
skip_broken = 0
skip_if_unavailable = 0
sslcacert = 
sslclientcert = 
sslclientkey = 
sslverify = 1
sslverifystatus = 0
strict = 1
system_cachedir = /var/cache/dnf
throttle = 0
timeout = 30
transformdb = 1
tsflags = 
upgrade_group_objects_upgrade = 1
user_agent = libdnf (Red Hat Enterprise Linux 8.6; generic; Linux.x86_64)
username = 
varsdir = /etc/yum/vars, /etc/dnf/vars
zchunk = 1

12:56:57,892 INF packaging: Configuring the base repo
12:56:57,925 DBG packaging: Using the repo configuration: RepoConfigurationData(cost=1000, excluded_packages=[], included_packages=[], name='anaconda-0', proxy='', ssl_configuration=SSLConfigurationData(ca_cert_path='', client_cert_path='', client_key_path=''), ssl_verification_enabled=True, type='BASEURL', url='http://mirrors.kernel.org/centos/8/os/x86_64/')
12:56:57,926 DBG packaging: retrieving treeinfo from http://mirrors.kernel.org/centos/8/os/x86_64/ (proxy: None ; ssl_verify: True)
12:56:57,926 INF packaging: Trying to download '.treeinfo'
12:56:58,166 INF packaging: Server returned 404 code
12:56:58,166 DBG packaging: Retrieved '.treeinfo' from http://mirrors.kernel.org/centos/8/os/x86_64/
12:56:58,166 INF packaging: Trying to download 'treeinfo'
12:56:58,277 INF packaging: Server returned 404 code
12:56:58,277 DBG packaging: Retrieved 'treeinfo' from http://mirrors.kernel.org/centos/8/os/x86_64/
12:56:58,277 ERR packaging: Got HTTP 404 Error when downloading [.]treeinfo files
12:56:58,277 WRN packaging: Install tree metadata can't be loaded!
12:56:58,277 DBG packaging: getting release version from tree at http://mirrors.kernel.org/centos/8/os/x86_64/ (8)
12:56:58,277 DBG packaging: using default release version of 8
12:56:58,277 DBG packaging: No base repository found in treeinfo file. Using installation tree root.
12:56:58,277 DBG packaging: releasever from http://mirrors.kernel.org/centos/8/os/x86_64/ is 8
12:56:58,278 INF packaging: added repo: 'anaconda' - http://mirrors.kernel.org/centos/8/os/x86_64/
12:56:58,278 DBG dnf: repo: downloading from remote: anaconda
12:56:58,519 DBG dnf: error: Status code: 404 for http://mirrors.edge.kernel.org/centos/8/os/x86_64/repodata/repomd.xml (IP: 147.75.199.223) (http://mirrors.edge.kernel.org/centos/8/os/x86_64/repodata/repomd.xml).
12:56:58,634 DBG dnf: error: Status code: 404 for http://mirrors.edge.kernel.org/centos/8/os/x86_64/repodata/repomd.xml (IP: 147.75.199.223) (http://mirrors.edge.kernel.org/centos/8/os/x86_64/repodata/repomd.xml).
12:56:58,763 DBG dnf: error: Status code: 404 for http://mirrors.edge.kernel.org/centos/8/os/x86_64/repodata/repomd.xml (IP: 147.75.199.223) (http://mirrors.edge.kernel.org/centos/8/os/x86_64/repodata/repomd.xml).
12:56:58,892 DBG dnf: error: Status code: 404 for http://mirrors.edge.kernel.org/centos/8/os/x86_64/repodata/repomd.xml (IP: 147.75.199.223) (http://mirrors.edge.kernel.org/centos/8/os/x86_64/repodata/repomd.xml).
12:56:58,895 WRN dnf: Errors during downloading metadata for repository 'anaconda':
  - Status code: 404 for http://mirrors.edge.kernel.org/centos/8/os/x86_64/repodata/repomd.xml (IP: 147.75.199.223)
12:56:58,895 DBG packaging: repo: 'anaconda' - ['http://mirrors.kernel.org/centos/8/os/x86_64/'] failed to load repomd
12:56:58,895 ERR packaging: base repo (URL/http://mirrors.kernel.org/centos/8/os/x86_64/) not valid -- removing it
12:56:58,895 ERR packaging: reason for repo removal: Failed to download metadata for repo 'anaconda': Cannot download repomd.xml: Cannot download repodata/repomd.xml: All mirrors were tried
12:56:58,896 DBG dnf: User-Agent: constructed: 'libdnf (Red Hat Enterprise Linux 8.6; generic; Linux.x86_64)'
12:56:58,897 DDEBUG dnf: timer: sack setup: 1 ms
12:56:58,897 DDEBUG dnf: Getting group metadata
12:56:58,897 DDEBUG dnf: timer: loading comps: 0 ms
12:56:58,897 INF packaging: Refreshing environment_addons
12:56:58,899 DBG dnf: User-Agent: constructed: 'libdnf (Red Hat Enterprise Linux 8.6; generic; Linux.x86_64)'
12:56:58,901 INF packaging: setting DNF platform id to: platform:el8
12:56:58,901 DBG packaging: getting release version from tree at None (8)
12:56:58,901 DBG packaging: using default release version of 8
12:56:58,904 DDEBUG dnf: Getting group metadata
12:56:58,904 DDEBUG dnf: timer: loading comps: 0 ms
12:56:58,905 DBG packaging: Dnf configuration:
[main]
allow_vendor_change = 1
assumeno = 0
assumeyes = 0
autocheck_running_kernel = 1
bandwidth = 0
best = 0
bugtracker_url = https://bugzilla.redhat.com/enter_bug.cgi?product=Fedora&component=dnf
cachedir = /tmp/dnf.cache
cacheonly = 0
check_config_file_age = 1
clean_requirements_on_remove = 1
color = auto
color_list_available_downgrade = magenta
color_list_available_install = bold,cyan
color_list_available_reinstall = bold,underline,green
color_list_available_upgrade = bold,blue
color_list_installed_extra = bold,red
color_list_installed_newer = bold,yellow
color_list_installed_older = yellow
color_list_installed_reinstall = cyan
color_search_match = bold,magenta
color_update_installed = red
color_update_local = green
color_update_remote = bold,green
config_file_path = /etc/dnf/dnf.conf
countme = 0
debug_solver = 0
debuglevel = 2
defaultyes = 0
deltarpm = 1
deltarpm_percentage = 75
disable_excludes = 
diskspacecheck = 1
enabled = 1
enablegroups = 1
errorlevel = 3
exclude = 
excludepkgs = 
exit_on_lock = 0
fastestmirror = 0
gpgcheck = 0
gpgkey_dns_verification = 0
group_package_types = mandatory, default, conditional
history_list_view = commands
history_record = 1
history_record_packages = dnf, rpm
ignorearch = 0
includepkgs = 
install_weak_deps = 1
installonly_limit = 3
installonlypkgs = kernel, kernel-PAE, installonlypkg(kernel), installonlypkg(kernel-module), installonlypkg(vm), multiversion(kernel)
installroot = /mnt/sysroot
ip_resolve = whatever
keepcache = 0
localpkg_gpgcheck = 0
log_compress = 0
log_rotate = 4
log_size = 1048576
logdir = /tmp/
logfilelevel = 9
max_parallel_downloads = 3
metadata_expire = 172800
metadata_timer_sync = 10800
minrate = 1000
module_obsoletes = 0
module_platform_id = platform:el8
module_stream_switch = 0
multilib_policy = best
obsoletes = 1
password = 
persistdir = /mnt/sysroot/var/lib/dnf
pluginconfpath = /tmp/dnf.pluginconf
pluginpath = /usr/lib/python3.6/site-packages/dnf-plugins
plugins = 1
protect_running_kernel = 1
protected_packages = dnf, dnf, redhat-release, setup, systemd, systemd-udev, yum, sudo, dnf, redhat-release, setup, systemd, systemd-udev, yum, sudo
proxy = 
proxy_auth_method = any
proxy_sslcacert = 
proxy_sslclientcert = 
proxy_sslclientkey = 
proxy_sslverify = 1
recent = 7
repo_gpgcheck = 0
reposdir = /etc/yum.repos.d, /etc/anaconda.repos.d, /tmp/updates/anaconda.repos.d, /tmp/product/anaconda.repos.d
reset_nice = 1
retries = 10
rpmverbosity = info
showdupesfromrepos = 0
skip_broken = 0
skip_if_unavailable = 0
sslcacert = 
sslclientcert = 
sslclientkey = 
sslverify = 1
sslverifystatus = 0
strict = 1
system_cachedir = /var/cache/dnf
throttle = 0
timeout = 30
transformdb = 1
tsflags = 
upgrade_group_objects_upgrade = 1
user_agent = libdnf (Red Hat Enterprise Linux 8.6; generic; Linux.x86_64)
username = 
varsdir = /etc/yum/vars, /etc/dnf/vars
zchunk = 1

12:59:59,111 DDEBUG dnf: Cleaning up.
12:59:59,111 DBG dnf: User-Agent: constructed: 'libdnf (Red Hat Enterprise Linux 8.6; generic; Linux.x86_64)'
12:59:59,113 INF packaging: setting DNF platform id to: platform:el8
12:59:59,113 DBG packaging: getting release version from tree at None (8)
12:59:59,113 DBG packaging: using default release version of 8
12:59:59,117 DDEBUG dnf: Getting group metadata
12:59:59,117 DDEBUG dnf: timer: loading comps: 0 ms
12:59:59,118 DBG packaging: Dnf configuration:
[main]
allow_vendor_change = 1
assumeno = 0
assumeyes = 0
autocheck_running_kernel = 1
bandwidth = 0
best = 0
bugtracker_url = https://bugzilla.redhat.com/enter_bug.cgi?product=Fedora&component=dnf
cachedir = /tmp/dnf.cache
cacheonly = 0
check_config_file_age = 1
clean_requirements_on_remove = 1
color = auto
color_list_available_downgrade = magenta
color_list_available_install = bold,cyan
color_list_available_reinstall = bold,underline,green
color_list_available_upgrade = bold,blue
color_list_installed_extra = bold,red
color_list_installed_newer = bold,yellow
color_list_installed_older = yellow
color_list_installed_reinstall = cyan
color_search_match = bold,magenta
color_update_installed = red
color_update_local = green
color_update_remote = bold,green
config_file_path = /etc/dnf/dnf.conf
countme = 0
debug_solver = 0
debuglevel = 2
defaultyes = 0
deltarpm = 1
deltarpm_percentage = 75
disable_excludes = 
diskspacecheck = 1
enabled = 1
enablegroups = 1
errorlevel = 3
exclude = 
excludepkgs = 
exit_on_lock = 0
fastestmirror = 0
gpgcheck = 0
gpgkey_dns_verification = 0
group_package_types = mandatory, default, conditional
history_list_view = commands
history_record = 1
history_record_packages = dnf, rpm
ignorearch = 0
includepkgs = 
install_weak_deps = 1
installonly_limit = 3
installonlypkgs = kernel, kernel-PAE, installonlypkg(kernel), installonlypkg(kernel-module), installonlypkg(vm), multiversion(kernel)
installroot = /mnt/sysroot
ip_resolve = whatever
keepcache = 0
localpkg_gpgcheck = 0
log_compress = 0
log_rotate = 4
log_size = 1048576
logdir = /tmp/
logfilelevel = 9
max_parallel_downloads = 3
metadata_expire = 172800
metadata_timer_sync = 10800
minrate = 1000
module_obsoletes = 0
module_platform_id = platform:el8
module_stream_switch = 0
multilib_policy = best
obsoletes = 1
password = 
persistdir = /mnt/sysroot/var/lib/dnf
pluginconfpath = /tmp/dnf.pluginconf
pluginpath = /usr/lib/python3.6/site-packages/dnf-plugins
plugins = 1
protect_running_kernel = 1
protected_packages = dnf, dnf, redhat-release, setup, systemd, systemd-udev, yum, sudo, dnf, redhat-release, setup, systemd, systemd-udev, yum, sudo
proxy = 
proxy_auth_method = any
proxy_sslcacert = 
proxy_sslclientcert = 
proxy_sslclientkey = 
proxy_sslverify = 1
recent = 7
repo_gpgcheck = 0
reposdir = /etc/yum.repos.d, /etc/anaconda.repos.d, /tmp/updates/anaconda.repos.d, /tmp/product/anaconda.repos.d
reset_nice = 1
retries = 10
rpmverbosity = info
showdupesfromrepos = 0
skip_broken = 0
skip_if_unavailable = 0
sslcacert = 
sslclientcert = 
sslclientkey = 
sslverify = 1
sslverifystatus = 0
strict = 1
system_cachedir = /var/cache/dnf
throttle = 0
timeout = 30
transformdb = 1
tsflags = 
upgrade_group_objects_upgrade = 1
user_agent = libdnf (Red Hat Enterprise Linux 8.6; generic; Linux.x86_64)
username = 
varsdir = /etc/yum/vars, /etc/dnf/vars
zchunk = 1

