12:56:55,322 INF program: Running... losetup --list
12:56:55,326 INF program: Running... dbus-daemon --print-address --syslog --config-file=/usr/share/anaconda/dbus/anaconda-bus.conf
12:56:57,772 INF program: Running... losetup --list
12:56:57,783 INF program: Running... udevadm settle --timeout=300
12:56:57,795 DBG program: Return code: 0
12:56:57,823 INF program: Running [1] mkdosfs --help ...
12:56:57,826 INF program: stdout[1]: mkfs.fat 4.1 (2017-01-24)

12:56:57,826 INF program: stderr[1]: Usage: mkfs.fat [-a][-A][-c][-C][-v][-I][-l bad-block-file][-b backup-boot-sector]
       [-m boot-msg-file][-n volume-name][-i volume-id]
       [-s sectors-per-cluster][-S logical-sector-size][-f number-of-FATs]
       [-h hidden-sectors][-F fat-size][-r root-dir-entries][-R reserved-sectors]
       [-M FAT-media-byte][-D drive_number]
       [--invariant]
       [--help]
       /dev/name [blocks]

12:56:57,826 INF program: ...done [1] (exit code: 0)
12:56:57,837 INF program: Running [2] lvm version ...
12:56:57,841 INF program: stdout[2]:   LVM version:     2.03.14(2)-RHEL8 (2021-10-20)
  Library version: 1.02.181-RHEL8 (2021-10-20)
  Driver version:  4.43.0
  Configuration:   ./configure --build=x86_64-redhat-linux-gnu --host=x86_64-redhat-linux-gnu --program-prefix= --disable-dependency-tracking --prefix=/usr --exec-prefix=/usr --bindir=/usr/bin --sbindir=/usr/sbin --sysconfdir=/etc --datadir=/usr/share --includedir=/usr/include --libdir=/usr/lib64 --libexecdir=/usr/libexec --localstatedir=/var --sharedstatedir=/var/lib --mandir=/usr/share/man --infodir=/usr/share/info --with-default-dm-run-dir=/run --with-default-run-dir=/run/lvm --with-default-pid-dir=/run --with-default-locking-dir=/run/lock/lvm --with-usrlibdir=/usr/lib64 --enable-fsadm --enable-write_install --with-user= --with-group= --with-device-uid=0 --with-device-gid=6 --with-device-mode=0660 --enable-pkgconfig --enable-cmdlib --enable-dmeventd --enable-blkid_wiping --with-cluster=internal --enable-cmirrord --with-udevdir=/usr/lib/udev/rules.d --enable-udev_sync --with-thin=internal --with-cache=internal --enable-lvmpolld --enable-lvmlockd-dlm --enable-lvmlockd-dlmcontrol --enable-lvmlockd-sanlock --enable-dbus-service --enable-notify-dbus --enable-dmfilemapd --with-writecache=internal --with-vdo=internal --with-vdo-format=/usr/bin/vdoformat --with-integrity=internal --disable-silent-rules

12:56:57,841 INF program: stderr[2]: 
12:56:57,841 INF program: ...done [2] (exit code: 0)
12:56:57,860 INF program: Running... udevadm settle --timeout=300
12:56:57,871 DBG program: Return code: 0
