DEBUG:anaconda.modules.common:The configuration is loaded from: ['/run/anaconda/anaconda.conf']
DEBUG:blivet:registered device format class DeviceFormat as None
DEBUG:blivet:registered device format class BIOSBoot as biosboot
DEBUG:blivet:registered device format class DiskLabel as disklabel
DEBUG:blivet:registered device format class DMRaidMember as dmraidmember
INFO:program:Running [1] mkdosfs --help ...
INFO:program:stdout[1]: mkfs.fat 4.1 (2017-01-24)

INFO:program:stderr[1]: Usage: mkfs.fat [-a][-A][-c][-C][-v][-I][-l bad-block-file][-b backup-boot-sector]
       [-m boot-msg-file][-n volume-name][-i volume-id]
       [-s sectors-per-cluster][-S logical-sector-size][-f number-of-FATs]
       [-h hidden-sectors][-F fat-size][-r root-dir-entries][-R reserved-sectors]
       [-M FAT-media-byte][-D drive_number]
       [--invariant]
       [--help]
       /dev/name [blocks]

INFO:program:...done [1] (exit code: 0)
DEBUG:blivet:registered device format class Ext2FS as ext2
DEBUG:blivet:registered device format class Ext3FS as ext3
DEBUG:blivet:registered device format class Ext4FS as ext4
DEBUG:blivet:registered device format class FATFS as vfat
DEBUG:blivet:registered device format class EFIFS as efi
DEBUG:blivet:registered device format class BTRFS as btrfs
DEBUG:blivet:registered device format class GFS2 as gfs2
DEBUG:blivet:registered device format class JFS as jfs
DEBUG:blivet:registered device format class ReiserFS as reiserfs
DEBUG:blivet:registered device format class XFS as xfs
DEBUG:blivet:registered device format class HFS as hfs
DEBUG:blivet:registered device format class AppleBootstrapFS as appleboot
DEBUG:blivet:registered device format class HFSPlus as hfs+
DEBUG:blivet:registered device format class MacEFIFS as macefi
DEBUG:blivet:registered device format class NTFS as ntfs
DEBUG:blivet:registered device format class ExFATFS as exfat
DEBUG:blivet:registered device format class F2FS as f2fs
DEBUG:blivet:registered device format class NFS as nfs
DEBUG:blivet:registered device format class NFSv4 as nfs4
DEBUG:blivet:registered device format class Iso9660FS as iso9660
DEBUG:blivet:registered device format class NoDevFS as nodev
DEBUG:blivet:registered device format class DevPtsFS as devpts
DEBUG:blivet:registered device format class ProcFS as proc
DEBUG:blivet:registered device format class SysFS as sysfs
DEBUG:blivet:registered device format class TmpFS as tmpfs
DEBUG:blivet:registered device format class BindFS as bind
DEBUG:blivet:registered device format class SELinuxFS as selinuxfs
DEBUG:blivet:registered device format class USBFS as usbfs
DEBUG:blivet:registered device format class EFIVarFS as efivarfs
INFO:program:Running [2] lvm version ...
INFO:program:stdout[2]:   LVM version:     2.03.14(2)-RHEL8 (2021-10-20)
  Library version: 1.02.181-RHEL8 (2021-10-20)
  Driver version:  4.43.0
  Configuration:   ./configure --build=x86_64-redhat-linux-gnu --host=x86_64-redhat-linux-gnu --program-prefix= --disable-dependency-tracking --prefix=/usr --exec-prefix=/usr --bindir=/usr/bin --sbindir=/usr/sbin --sysconfdir=/etc --datadir=/usr/share --includedir=/usr/include --libdir=/usr/lib64 --libexecdir=/usr/libexec --localstatedir=/var --sharedstatedir=/var/lib --mandir=/usr/share/man --infodir=/usr/share/info --with-default-dm-run-dir=/run --with-default-run-dir=/run/lvm --with-default-pid-dir=/run --with-default-locking-dir=/run/lock/lvm --with-usrlibdir=/usr/lib64 --enable-fsadm --enable-write_install --with-user= --with-group= --with-device-uid=0 --with-device-gid=6 --with-device-mode=0660 --enable-pkgconfig --enable-cmdlib --enable-dmeventd --enable-blkid_wiping --with-cluster=internal --enable-cmirrord --with-udevdir=/usr/lib/udev/rules.d --enable-udev_sync --with-thin=internal --with-cache=internal --enable-lvmpolld --enable-lvmlockd-dlm --enable-lvmlockd-dlmcontrol --enable-lvmlockd-sanlock --enable-dbus-service --enable-notify-dbus --enable-dmfilemapd --with-writecache=internal --with-vdo=internal --with-vdo-format=/usr/bin/vdoformat --with-integrity=internal --disable-silent-rules

INFO:program:stderr[2]: 
INFO:program:...done [2] (exit code: 0)
DEBUG:blivet:registered device format class LUKS as luks
DEBUG:blivet:registered device format class Integrity as integrity
DEBUG:blivet:registered device format class LVMPhysicalVolume as lvmpv
DEBUG:blivet:registered device format class MDRaidMember as mdmember
DEBUG:blivet:registered device format class MultipathMember as multipath_member
DEBUG:blivet:registered device format class PPCPRePBoot as prepboot
DEBUG:blivet:registered device format class SwapSpace as swap
INFO:program:Running... udevadm trigger --action=change --subsystem-match=block
DEBUG:program:Return code: 0
INFO:program:Running... udevadm settle --timeout=300
DEBUG:program:Return code: 0
WARNING:py.warnings:/usr/lib64/python3.6/site-packages/pyanaconda/core/util.py:33: DeprecationWarning: the imp module is deprecated in favour of importlib; see the module's documentation for alternative uses
  import imp

INFO:blivet:failed to get initiator name from iscsi firmware: storaged iSCSI functionality not available
DEBUG:anaconda.modules.storage.bootloader.bootloader:The default type is set to 'BootloaderType.DEFAULT'.
DEBUG:anaconda.modules.storage.fcoe.fcoe:Start up the FCoE module.
INFO:program:Running... modprobe libfc
DEBUG:program:Return code: 0
INFO:program:Running... /usr/libexec/fcoe/fcoe_edd.sh -i
ERROR:program:Error running /usr/libexec/fcoe/fcoe_edd.sh: No such file or directory: '/usr/libexec/fcoe/fcoe_edd.sh'
INFO:blivet:Failed to read FCoE EDD info: No such file or directory: '/usr/libexec/fcoe/fcoe_edd.sh'
DEBUG:anaconda.modules.storage.iscsi.iscsi:Start up the iSCSI module.
DEBUG:anaconda.modules.storage.zfcp.zfcp:Start up the zFCP module.
INFO:program:Running [3] e2fsck -V ...
INFO:program:stdout[3]: 
INFO:program:stderr[3]: e2fsck 1.45.6 (20-Mar-2020)
	Using EXT2FS Library version 1.45.6, 20-Mar-2020

INFO:program:...done [3] (exit code: 0)
DEBUG:blivet:               Ext4FS.supported: supported: True ;
INFO:program:Running... modprobe --dry-run ext4
DEBUG:program:Return code: 0
DEBUG:blivet:get_format('ext4') returning Ext4FS instance with object id 0
DEBUG:blivet:            Ext4FS.supported: supported: True ;
DEBUG:blivet:trying to set new default fstype to 'ext4'
DEBUG:blivet:                  Ext4FS.supported: supported: True ;
DEBUG:blivet:get_format('ext4') returning Ext4FS instance with object id 1
DEBUG:blivet:               Ext4FS.supported: supported: True ;
INFO:program:Running... lsblk --bytes -a -o NAME,SIZE,OWNER,GROUP,MODE,FSTYPE,LABEL,UUID,PARTUUID,MOUNTPOINT
INFO:program:stdout:
INFO:program:NAME                   SIZE OWNER GROUP MODE       FSTYPE      LABEL               UUID                                   PARTUUID                             MOUNTPOINT
INFO:program:sda           1000204886016 root  disk  brw-rw----                                                                                                             
INFO:program:|-sda1            524288000 root  disk  brw-rw---- xfs                             f7feccc1-83db-4ce9-a556-f7e8f2f01d41   0009bf3e-01                          
INFO:program:`-sda2         999678803968 root  disk  brw-rw---- LVM2_member                     gsTqAx-Bwig-UEbs-SWf8-CHFf-21Yl-4JBVUO 0009bf3e-02                          
INFO:program:  |-rhel-swap    8321499136 root  disk  brw-rw---- swap                            645aa40c-31be-4aec-8c13-ca9a4151bd77                                        
INFO:program:  |-rhel-home  937598910464 root  disk  brw-rw---- xfs                             17399eaf-88dd-41f6-8ea9-03f5d887e05f                                        
INFO:program:  `-rhel-root   53687091200 root  disk  brw-rw---- xfs                             8a3bda8a-7c35-4cfa-9eeb-c92b3d5f9367                                        
INFO:program:sdb             15117320192 root  disk  brw-rw----                                                                                                             
INFO:program:`-sdb1          15116271616 root  disk  brw-rw---- vfat        TELEFLORA L         CC93-E46C                              52b51b10-01                          
INFO:program:sr0              1073741312 root  cdrom brw-rw----                                                                                                             
INFO:program:nvme0n1        500107862016 root  disk  brw-rw----                                                                                                             
INFO:program:|-nvme0n1p1       629145600 root  disk  brw-rw---- vfat                            D6E3-9D9F                              b9f88a77-eeb7-4576-afe1-1956fb87b8d0 /boot/efi
INFO:program:|-nvme0n1p2     32531021824 root  disk  brw-rw---- xfs                             31847916-8403-40f0-a488-b4f0984a2522   4dde6b4e-9717-411c-85b0-b0ccb1002e2f /
INFO:program:|-nvme0n1p3     12623806464 root  disk  brw-rw---- iso9660     Teleflora Linux POS 2022-07-15-03-34-44-00                 10581037-b178-4382-97d5-f9a74ec863bc 
INFO:program:|-nvme0n1p4     12623806464 root  disk  brw-rw---- swap                            4df20713-82cf-46f0-bd25-7dd394a1c558   55cef7ae-d106-482f-92af-294cc9823b23 [SWAP]
INFO:program:`-nvme0n1p5    441699008512 root  disk  brw-rw---- xfs                             527f403d-a7c0-4449-9920-8edbd4810259   d5602a5d-6352-4fcb-9124-ccfad33cf30c /usr2
DEBUG:program:Return code: 0
DEBUG:blivet:lsblk output:
NAME                   SIZE OWNER GROUP MODE       FSTYPE      LABEL               UUID                                   PARTUUID                             MOUNTPOINT
sda           1000204886016 root  disk  brw-rw----                                                                                                             
|-sda1            524288000 root  disk  brw-rw---- xfs                             f7feccc1-83db-4ce9-a556-f7e8f2f01d41   0009bf3e-01                          
`-sda2         999678803968 root  disk  brw-rw---- LVM2_member                     gsTqAx-Bwig-UEbs-SWf8-CHFf-21Yl-4JBVUO 0009bf3e-02                          
  |-rhel-swap    8321499136 root  disk  brw-rw---- swap                            645aa40c-31be-4aec-8c13-ca9a4151bd77                                        
  |-rhel-home  937598910464 root  disk  brw-rw---- xfs                             17399eaf-88dd-41f6-8ea9-03f5d887e05f                                        
  `-rhel-root   53687091200 root  disk  brw-rw---- xfs                             8a3bda8a-7c35-4cfa-9eeb-c92b3d5f9367                                        
sdb             15117320192 root  disk  brw-rw----                                                                                                             
`-sdb1          15116271616 root  disk  brw-rw---- vfat        TELEFLORA L         CC93-E46C                              52b51b10-01                          
sr0              1073741312 root  cdrom brw-rw----                                                                                                             
nvme0n1        500107862016 root  disk  brw-rw----                                                                                                             
|-nvme0n1p1       629145600 root  disk  brw-rw---- vfat                            D6E3-9D9F                              b9f88a77-eeb7-4576-afe1-1956fb87b8d0 /boot/efi
|-nvme0n1p2     32531021824 root  disk  brw-rw---- xfs                             31847916-8403-40f0-a488-b4f0984a2522   4dde6b4e-9717-411c-85b0-b0ccb1002e2f /
|-nvme0n1p3     12623806464 root  disk  brw-rw---- iso9660     Teleflora Linux POS 2022-07-15-03-34-44-00                 10581037-b178-4382-97d5-f9a74ec863bc 
|-nvme0n1p4     12623806464 root  disk  brw-rw---- swap                            4df20713-82cf-46f0-bd25-7dd394a1c558   55cef7ae-d106-482f-92af-294cc9823b23 [SWAP]
`-nvme0n1p5    441699008512 root  disk  brw-rw---- xfs                             527f403d-a7c0-4449-9920-8edbd4810259   d5602a5d-6352-4fcb-9124-ccfad33cf30c /usr2

DEBUG:blivet:trying to set new default fstype to 'xfs'
DEBUG:blivet:                XFS.supported: supported: True ;
DEBUG:blivet:get_format('xfs') returning XFS instance with object id 2
DEBUG:blivet:             XFS.supported: supported: True ;
DEBUG:anaconda.storage:trying to set new default luks version to 'luks2'
DEBUG:blivet:              LUKS.__init__: luks_version: luks2 ;
DEBUG:blivet:get_format('luks') returning LUKS instance with object id 3
DEBUG:anaconda.modules.storage.storage:The storage model has changed.
DEBUG:anaconda.modules.common.base.base:Publish the service.
DEBUG:dasbus.connection:Publishing an object at /org/fedoraproject/Anaconda/Modules/Storage/Checker.
INFO:anaconda.core.dbus:Connecting to the Anaconda bus at unix:abstract=/tmp/dbus-HxPOgRDdA2,guid=680858d346b780b197f6e944631f72e7.
DEBUG:dasbus.connection:Publishing an object at /org/fedoraproject/Anaconda/Modules/Storage/DeviceTree.
DEBUG:dasbus.connection:Publishing an object at /org/fedoraproject/Anaconda/Modules/Storage/DiskInitialization.
DEBUG:dasbus.connection:Publishing an object at /org/fedoraproject/Anaconda/Modules/Storage/DiskSelection.
DEBUG:dasbus.connection:Publishing an object at /org/fedoraproject/Anaconda/Modules/Storage/Snapshot.
DEBUG:dasbus.connection:Publishing an object at /org/fedoraproject/Anaconda/Modules/Storage/Bootloader.
DEBUG:dasbus.connection:Publishing an object at /org/fedoraproject/Anaconda/Modules/Storage/FCoE.
DEBUG:dasbus.connection:Publishing an object at /org/fedoraproject/Anaconda/Modules/Storage/iSCSI.
DEBUG:dasbus.connection:Publishing an object at /org/fedoraproject/Anaconda/Modules/Storage/NVDIMM.
DEBUG:dasbus.connection:Publishing an object at /org/fedoraproject/Anaconda/Modules/Storage/DASD.
DEBUG:dasbus.connection:Publishing an object at /org/fedoraproject/Anaconda/Modules/Storage/zFCP.
DEBUG:dasbus.connection:Publishing an object at /org/fedoraproject/Anaconda/Modules/Storage.
DEBUG:dasbus.connection:Registering a service name org.fedoraproject.Anaconda.Modules.Storage.
DEBUG:anaconda.modules.common.base.base:Start the loop.
DEBUG:anaconda.modules.common.base.base:Reading kickstart...
DEBUG:anaconda.modules.storage.disk_initialization.initialization:Can format unrecognized is set to 'True'.
DEBUG:anaconda.modules.storage.disk_initialization.initialization:Default disk label is set to ''.
DEBUG:anaconda.modules.storage.disk_initialization.initialization:Can initialize labels is set to 'True'.
DEBUG:anaconda.modules.storage.disk_initialization.initialization:Can format LDL is set to 'False'.
DEBUG:anaconda.modules.storage.disk_initialization.initialization:The initialization mode is set to 'InitializationMode.CLEAR_ALL'.
DEBUG:anaconda.modules.storage.disk_initialization.initialization:Devices to clear are set to '[]'.
DEBUG:anaconda.modules.storage.disk_initialization.initialization:Drives to clear are set to '[]'.
DEBUG:anaconda.modules.storage.disk_selection.selection:Selected disks are set to '[]'.
DEBUG:anaconda.modules.storage.disk_selection.selection:Exclusive disks are set to '[]'.
DEBUG:anaconda.modules.storage.disk_selection.selection:Ignored disks are set to '[]'.
DEBUG:anaconda.modules.storage.bootloader.bootloader:Bootloader mode is set to 'BootloaderMode.DISABLED'.
DEBUG:anaconda.modules.storage.storage:Created the partitioning CUSTOM.
DEBUG:anaconda.modules.common.base.base:Kickstarted is set to True.
DEBUG:dasbus.connection:Publishing an object at /org/fedoraproject/Anaconda/Modules/Storage/Partitioning/1.
DEBUG:anaconda.modules.common.base.base:Locale is set to en_US.UTF-8.
DEBUG:anaconda.modules.storage.checker.checker:Constraint 'min_ram' is set to '335544320'.
DEBUG:anaconda.modules.storage.disk_selection.selection:Disk images are set to '{}'.
DEBUG:anaconda.modules.storage.disk_selection.selection:Protected devices are set to '[]'.
DEBUG:dasbus.connection:Publishing an object at /org/fedoraproject/Anaconda/Modules/Storage/Task/1.
DEBUG:dasbus.connection:Publishing an object at /org/fedoraproject/Anaconda/Modules/Storage/Task/2.
INFO:anaconda.threading:Running Thread: AnaTaskThread-UnmountFilesystemsTask-1 (139844068046592)
DEBUG:blivet:               BindFS.supported: supported: False ;
DEBUG:blivet:get_format('bind') returning BindFS instance with object id 4
DEBUG:blivet:get_format('None') returning DeviceFormat instance with object id 6
DEBUG:blivet:                  DirectoryDevice._set_format: /dev ; type: bind ; current: None ;
DEBUG:blivet:updated /dev size to 3.69 KiB (3.69 KiB)
DEBUG:blivet:                   TmpFS.supported: supported: True ;
DEBUG:blivet:get_format('tmpfs') returning TmpFS instance with object id 8
DEBUG:blivet:get_format('None') returning DeviceFormat instance with object id 10
DEBUG:blivet:                  NoDevice._set_format: tmpfs ; type: tmpfs ; current: None ;
DEBUG:blivet:                 DevPtsFS.supported: supported: False ;
DEBUG:blivet:get_format('devpts') returning DevPtsFS instance with object id 12
DEBUG:blivet:get_format('None') returning DeviceFormat instance with object id 14
DEBUG:blivet:                  NoDevice._set_format: devpts ; type: devpts ; current: None ;
DEBUG:blivet:                 SysFS.supported: supported: False ;
DEBUG:blivet:get_format('sysfs') returning SysFS instance with object id 16
DEBUG:blivet:get_format('None') returning DeviceFormat instance with object id 18
DEBUG:blivet:                  NoDevice._set_format: sysfs ; type: sysfs ; current: None ;
DEBUG:blivet:                 ProcFS.supported: supported: False ;
DEBUG:blivet:get_format('proc') returning ProcFS instance with object id 20
DEBUG:blivet:get_format('None') returning DeviceFormat instance with object id 22
DEBUG:blivet:                  NoDevice._set_format: proc ; type: proc ; current: None ;
DEBUG:blivet:                 USBFS.supported: supported: False ;
DEBUG:blivet:get_format('usbfs') returning USBFS instance with object id 24
DEBUG:blivet:get_format('None') returning DeviceFormat instance with object id 26
DEBUG:blivet:                  NoDevice._set_format: usbfs ; type: usbfs ; current: None ;
DEBUG:blivet:                 SELinuxFS.supported: supported: False ;
DEBUG:blivet:get_format('selinuxfs') returning SELinuxFS instance with object id 28
DEBUG:blivet:get_format('None') returning DeviceFormat instance with object id 30
DEBUG:blivet:                  NoDevice._set_format: selinuxfs ; type: selinuxfs ; current: None ;
DEBUG:blivet:               BindFS.supported: supported: False ;
DEBUG:blivet:get_format('bind') returning BindFS instance with object id 32
DEBUG:blivet:get_format('None') returning DeviceFormat instance with object id 34
DEBUG:blivet:                  DirectoryDevice._set_format: /run ; type: bind ; current: None ;
DEBUG:blivet:updated /run size to 1.15 KiB (1.15 KiB)
DEBUG:blivet:                 EFIVarFS.supported: supported: False ;
DEBUG:blivet:get_format('efivarfs') returning EFIVarFS instance with object id 36
DEBUG:blivet:get_format('None') returning DeviceFormat instance with object id 38
DEBUG:blivet:                  NoDevice._set_format: efivarfs ; type: efivarfs ; current: None ;
INFO:program:Running... udevadm settle --timeout=300
DEBUG:program:Return code: 0
DEBUG:testdata:sysfs attr /sys/class/block/sdb/device/model: 5472616e7363656e64203136474220200a
DEBUG:testdata:sysfs attr /sys/class/block/sr0/device/model: 4456442b2d525720475539304e2020200a
DEBUG:testdata:sysfs attr /sys/class/block/sda/device/model: 5354313030304c4d3034382d324537310a
DEBUG:testdata:sysfs attr /sys/class/block/nvme0n1/device/model: 435435303050325353443820202020202020202020202020202020202020202020202020202020200a
INFO:program:Running... udevadm settle --timeout=300
DEBUG:program:Return code: 0
DEBUG:testdata:sysfs attr /sys/class/block/sdb/device/model: 5472616e7363656e64203136474220200a
DEBUG:testdata:sysfs attr /sys/class/block/sr0/device/model: 4456442b2d525720475539304e2020200a
DEBUG:testdata:sysfs attr /sys/class/block/sda/device/model: 5354313030304c4d3034382d324537310a
DEBUG:testdata:sysfs attr /sys/class/block/nvme0n1/device/model: 435435303050325353443820202020202020202020202020202020202020202020202020202020200a
INFO:program:Running... udevadm settle --timeout=300
DEBUG:program:Return code: 0
DEBUG:testdata:sysfs attr /sys/class/block/sdb/device/model: 5472616e7363656e64203136474220200a
DEBUG:testdata:sysfs attr /sys/class/block/sr0/device/model: 4456442b2d525720475539304e2020200a
DEBUG:testdata:sysfs attr /sys/class/block/sda/device/model: 5354313030304c4d3034382d324537310a
DEBUG:testdata:sysfs attr /sys/class/block/nvme0n1/device/model: 435435303050325353443820202020202020202020202020202020202020202020202020202020200a
INFO:program:Running... udevadm settle --timeout=300
DEBUG:program:Return code: 0
DEBUG:testdata:sysfs attr /sys/class/block/sdb/device/model: 5472616e7363656e64203136474220200a
DEBUG:testdata:sysfs attr /sys/class/block/sr0/device/model: 4456442b2d525720475539304e2020200a
DEBUG:testdata:sysfs attr /sys/class/block/sda/device/model: 5354313030304c4d3034382d324537310a
DEBUG:testdata:sysfs attr /sys/class/block/nvme0n1/device/model: 435435303050325353443820202020202020202020202020202020202020202020202020202020200a
INFO:program:Running... udevadm settle --timeout=300
DEBUG:program:Return code: 0
DEBUG:testdata:sysfs attr /sys/class/block/sdb/device/model: 5472616e7363656e64203136474220200a
DEBUG:testdata:sysfs attr /sys/class/block/sr0/device/model: 4456442b2d525720475539304e2020200a
DEBUG:testdata:sysfs attr /sys/class/block/sda/device/model: 5354313030304c4d3034382d324537310a
DEBUG:testdata:sysfs attr /sys/class/block/nvme0n1/device/model: 435435303050325353443820202020202020202020202020202020202020202020202020202020200a
DEBUG:blivet:           SELinuxFS.teardown: device: selinuxfs ; type: selinuxfs ; status: False ;
INFO:program:Running... udevadm settle --timeout=300
DEBUG:program:Return code: 0
DEBUG:testdata:sysfs attr /sys/class/block/sdb/device/model: 5472616e7363656e64203136474220200a
DEBUG:testdata:sysfs attr /sys/class/block/sr0/device/model: 4456442b2d525720475539304e2020200a
DEBUG:testdata:sysfs attr /sys/class/block/sda/device/model: 5354313030304c4d3034382d324537310a
DEBUG:testdata:sysfs attr /sys/class/block/nvme0n1/device/model: 435435303050325353443820202020202020202020202020202020202020202020202020202020200a
INFO:program:Running... udevadm settle --timeout=300
DEBUG:program:Return code: 0
DEBUG:testdata:sysfs attr /sys/class/block/sdb/device/model: 5472616e7363656e64203136474220200a
DEBUG:testdata:sysfs attr /sys/class/block/sr0/device/model: 4456442b2d525720475539304e2020200a
DEBUG:testdata:sysfs attr /sys/class/block/sda/device/model: 5354313030304c4d3034382d324537310a
DEBUG:testdata:sysfs attr /sys/class/block/nvme0n1/device/model: 435435303050325353443820202020202020202020202020202020202020202020202020202020200a
DEBUG:blivet:           EFIVarFS.teardown: device: efivarfs ; type: efivarfs ; status: False ;
INFO:program:Running... udevadm settle --timeout=300
DEBUG:program:Return code: 0
DEBUG:testdata:sysfs attr /sys/class/block/sdb/device/model: 5472616e7363656e64203136474220200a
DEBUG:testdata:sysfs attr /sys/class/block/sr0/device/model: 4456442b2d525720475539304e2020200a
DEBUG:testdata:sysfs attr /sys/class/block/sda/device/model: 5354313030304c4d3034382d324537310a
DEBUG:testdata:sysfs attr /sys/class/block/nvme0n1/device/model: 435435303050325353443820202020202020202020202020202020202020202020202020202020200a
INFO:program:Running... udevadm settle --timeout=300
DEBUG:program:Return code: 0
DEBUG:testdata:sysfs attr /sys/class/block/sdb/device/model: 5472616e7363656e64203136474220200a
DEBUG:testdata:sysfs attr /sys/class/block/sr0/device/model: 4456442b2d525720475539304e2020200a
DEBUG:testdata:sysfs attr /sys/class/block/sda/device/model: 5354313030304c4d3034382d324537310a
DEBUG:testdata:sysfs attr /sys/class/block/nvme0n1/device/model: 435435303050325353443820202020202020202020202020202020202020202020202020202020200a
DEBUG:blivet:           SysFS.teardown: device: sysfs ; type: sysfs ; status: False ;
INFO:program:Running... udevadm settle --timeout=300
DEBUG:program:Return code: 0
DEBUG:testdata:sysfs attr /sys/class/block/sdb/device/model: 5472616e7363656e64203136474220200a
DEBUG:testdata:sysfs attr /sys/class/block/sr0/device/model: 4456442b2d525720475539304e2020200a
DEBUG:testdata:sysfs attr /sys/class/block/sda/device/model: 5354313030304c4d3034382d324537310a
DEBUG:testdata:sysfs attr /sys/class/block/nvme0n1/device/model: 435435303050325353443820202020202020202020202020202020202020202020202020202020200a
INFO:program:Running... udevadm settle --timeout=300
DEBUG:program:Return code: 0
DEBUG:testdata:sysfs attr /sys/class/block/sdb/device/model: 5472616e7363656e64203136474220200a
DEBUG:testdata:sysfs attr /sys/class/block/sr0/device/model: 4456442b2d525720475539304e2020200a
DEBUG:testdata:sysfs attr /sys/class/block/sda/device/model: 5354313030304c4d3034382d324537310a
DEBUG:testdata:sysfs attr /sys/class/block/nvme0n1/device/model: 435435303050325353443820202020202020202020202020202020202020202020202020202020200a
DEBUG:blivet:           BindFS.teardown: device: /run ; type: bind ; status: False ;
INFO:program:Running... udevadm settle --timeout=300
DEBUG:program:Return code: 0
DEBUG:testdata:sysfs attr /sys/class/block/sdb/device/model: 5472616e7363656e64203136474220200a
DEBUG:testdata:sysfs attr /sys/class/block/sr0/device/model: 4456442b2d525720475539304e2020200a
DEBUG:testdata:sysfs attr /sys/class/block/sda/device/model: 5354313030304c4d3034382d324537310a
DEBUG:testdata:sysfs attr /sys/class/block/nvme0n1/device/model: 435435303050325353443820202020202020202020202020202020202020202020202020202020200a
INFO:program:Running... udevadm settle --timeout=300
DEBUG:program:Return code: 0
DEBUG:testdata:sysfs attr /sys/class/block/sdb/device/model: 5472616e7363656e64203136474220200a
DEBUG:testdata:sysfs attr /sys/class/block/sr0/device/model: 4456442b2d525720475539304e2020200a
DEBUG:testdata:sysfs attr /sys/class/block/sda/device/model: 5354313030304c4d3034382d324537310a
DEBUG:testdata:sysfs attr /sys/class/block/nvme0n1/device/model: 435435303050325353443820202020202020202020202020202020202020202020202020202020200a
DEBUG:blivet:           ProcFS.teardown: device: proc ; type: proc ; status: False ;
INFO:program:Running... udevadm settle --timeout=300
DEBUG:program:Return code: 0
DEBUG:testdata:sysfs attr /sys/class/block/sdb/device/model: 5472616e7363656e64203136474220200a
DEBUG:testdata:sysfs attr /sys/class/block/sr0/device/model: 4456442b2d525720475539304e2020200a
DEBUG:testdata:sysfs attr /sys/class/block/sda/device/model: 5354313030304c4d3034382d324537310a
DEBUG:testdata:sysfs attr /sys/class/block/nvme0n1/device/model: 435435303050325353443820202020202020202020202020202020202020202020202020202020200a
DEBUG:blivet:           TmpFS.teardown: device: tmpfs ; type: tmpfs ; status: True ;
INFO:program:Running... udevadm settle --timeout=300
DEBUG:program:Return code: 0
INFO:program:Running... umount /run/user/1000
INFO:program:stderr:
INFO:program:b'umount: /run/user/1000: target is busy.'
DEBUG:program:Return code: 32
INFO:program:Running... lsof /run/user/1000
DEBUG:program:Return code: 1
INFO:anaconda.threading:Thread Failed: AnaTaskThread-UnmountFilesystemsTask-1 (139844068046592)
ERROR:anaconda.modules.common.task.task:Thread AnaTaskThread-UnmountFilesystemsTask-1 has failed: Traceback (most recent call last):
  File "/usr/lib64/python3.6/site-packages/pyanaconda/threading.py", line 280, in run
    threading.Thread.run(self)
  File "/usr/lib64/python3.6/threading.py", line 885, in run
    self._target(*self._args, **self._kwargs)
  File "/usr/lib64/python3.6/site-packages/pyanaconda/modules/common/task/task.py", line 97, in _task_run_callback
    self._set_result(self.run())
  File "/usr/lib64/python3.6/site-packages/pyanaconda/modules/storage/teardown.py", line 43, in run
    self._storage.umount_filesystems(swapoff=False)
  File "/usr/lib/python3.6/site-packages/blivet/threads.py", line 53, in run_with_lock
    return m(*args, **kwargs)
  File "/usr/lib64/python3.6/site-packages/pyanaconda/modules/storage/devicetree/model.py", line 441, in umount_filesystems
    self.fsset.umount_filesystems(swapoff=swapoff)
  File "/usr/lib64/python3.6/site-packages/pyanaconda/modules/storage/devicetree/fsset.py", line 579, in umount_filesystems
    device.format.teardown()
  File "/usr/lib/python3.6/site-packages/blivet/threads.py", line 53, in run_with_lock
    return m(*args, **kwargs)
  File "/usr/lib/python3.6/site-packages/blivet/formats/__init__.py", line 653, in teardown
    self._teardown(**kwargs)
  File "/usr/lib/python3.6/site-packages/blivet/threads.py", line 53, in run_with_lock
    return m(*args, **kwargs)
  File "/usr/lib/python3.6/site-packages/blivet/formats/fs.py", line 629, in _teardown
    raise FSError("umount of %s failed (%d)" % (mountpoint, rc))
blivet.errors.FSError: umount of /run/user/1000 failed (32)

INFO:anaconda.threading:Thread Done: AnaTaskThread-UnmountFilesystemsTask-1 (139844068046592)
WARNING:dasbus.server.handler:The call org.fedoraproject.Anaconda.Task.Finish has failed with an exception:
Traceback (most recent call last):
  File "/usr/lib/python3.6/site-packages/dasbus/server/handler.py", line 421, in _method_callback
    *unwrap_variant(parameters)
  File "/usr/lib/python3.6/site-packages/dasbus/server/handler.py", line 234, in _handle_call
    return handler(*parameters)
  File "/usr/lib64/python3.6/site-packages/pyanaconda/modules/common/task/task_interface.py", line 114, in Finish
    self.implementation.finish()
  File "/usr/lib64/python3.6/site-packages/pyanaconda/modules/common/task/task.py", line 161, in finish
    threadMgr.raise_if_error(self._thread_name)
  File "/usr/lib64/python3.6/site-packages/pyanaconda/threading.py", line 171, in raise_if_error
    raise exc_info[0](exc_info[1]).with_traceback(exc_info[2])
  File "/usr/lib64/python3.6/site-packages/pyanaconda/threading.py", line 280, in run
    threading.Thread.run(self)
  File "/usr/lib64/python3.6/threading.py", line 885, in run
    self._target(*self._args, **self._kwargs)
  File "/usr/lib64/python3.6/site-packages/pyanaconda/modules/common/task/task.py", line 97, in _task_run_callback
    self._set_result(self.run())
  File "/usr/lib64/python3.6/site-packages/pyanaconda/modules/storage/teardown.py", line 43, in run
    self._storage.umount_filesystems(swapoff=False)
  File "/usr/lib/python3.6/site-packages/blivet/threads.py", line 53, in run_with_lock
    return m(*args, **kwargs)
  File "/usr/lib64/python3.6/site-packages/pyanaconda/modules/storage/devicetree/model.py", line 441, in umount_filesystems
    self.fsset.umount_filesystems(swapoff=swapoff)
  File "/usr/lib64/python3.6/site-packages/pyanaconda/modules/storage/devicetree/fsset.py", line 579, in umount_filesystems
    device.format.teardown()
  File "/usr/lib/python3.6/site-packages/blivet/threads.py", line 53, in run_with_lock
    return m(*args, **kwargs)
  File "/usr/lib/python3.6/site-packages/blivet/formats/__init__.py", line 653, in teardown
    self._teardown(**kwargs)
  File "/usr/lib/python3.6/site-packages/blivet/threads.py", line 53, in run_with_lock
    return m(*args, **kwargs)
  File "/usr/lib/python3.6/site-packages/blivet/formats/fs.py", line 629, in _teardown
    raise FSError("umount of %s failed (%d)" % (mountpoint, rc))
blivet.errors.FSError: umount of /run/user/1000 failed (32)
