2022-09-12 12:56:54,454 DEBUG livemedia-creator: Namespace(anaconda_args=None, app_file='appliance.xml', app_name=None, app_template=None, arch=None, armplatform=None, compress_args=[], compression='xz', disk_image=None, domacboot=True, dracut_args=None, extra_boot_args='', fs_image=None, fs_label='Anaconda', image_name='centos8-rti-docker.tar.xz', image_only=False, image_size_align=0, image_type=None, iso='/tmp/boot8.iso', iso_name=None, iso_only=False, keep_image=False, kernel_args=None, ks=['/home/tfsupport/MSCloudServer/msposapp/bin/centos8-rti.ks'], live_rootfs_keep_size=False, live_rootfs_size=0, location=None, logfile='/home/tfsupport/MSCloudServer/msposapp/bin/livemedia.log', lorax_templates=None, make_ami=False, make_appliance=False, make_disk=False, make_fsimage=False, make_iso=False, make_oci=False, make_ostree_live=False, make_pxe_live=False, make_tar=True, make_tar_disk=False, make_vagrant=False, no_kvm=False, no_virt=True, oci_config=None, oci_runtime=None, ovmf_path='/usr/share/edk2/ovmf/', project='Linux', proxy=None, qcow2=False, qemu_args=[], ram=1024, releasever='8', result_dir=None, squashfs_args=None, tar_disk_name=None, timeout=None, title='Linux Live Media', tmp='/var/tmp', vagrant_metadata=None, vagrantfile=None, vcpus=None, virt_uefi=False, vnc=None, volid=None, with_rng='/dev/random')
2022-09-12 12:56:54,454 INFO livemedia-creator: livemedia-creator v28.14.68-1
2022-09-12 12:56:54,454 INFO pylorax: selinux is enabled and in Permissive mode
2022-09-12 12:56:54,501 INFO pylorax: disk_img = /var/tmp/centos8-rti-docker.tar.xz
2022-09-12 12:56:54,501 INFO pylorax: Using disk size of 10002MiB
2022-09-12 12:56:54,503 INFO pylorax: Running anaconda.
2022-09-12 12:56:57,736 INFO livemedia-creator: Processing logs from ('127.0.0.1', 34292)
2022-09-12 12:56:57,771 INFO pylorax: Starting installer, one moment...
2022-09-12 12:56:57,771 INFO pylorax: terminal size detection failed, using default width
2022-09-12 12:56:57,771 INFO pylorax: anaconda 33.16.6.7-1.el8 for Linux 8 (pre-release) started.
2022-09-12 12:56:57,771 INFO pylorax: 
2022-09-12 12:56:57,771 INFO pylorax: Some warnings occurred during reading the kickstart file:
2022-09-12 12:56:57,771 INFO pylorax: The authconfig command will be deprecated, use authselect instead.
2022-09-12 12:56:57,771 INFO pylorax: Ignoring deprecated command on line 3:  The install command has been deprecated and no longer has any effect.  It may be removed from future releases, which will result in a fatal error from kickstart.  Please modify your kickstart file to remove this command.
2022-09-12 12:56:57,771 INFO pylorax: Ignoring deprecated command on line 9:  The install command has been deprecated and no longer has any effect.  It may be removed from future releases, which will result in a fatal error from kickstart.  Please modify your kickstart file to remove this command.
2022-09-12 12:56:57,771 INFO pylorax: 12:56:57 Not asking for VNC because of an automated install
2022-09-12 12:56:58,995 INFO pylorax: Starting automated install.Unable to init server: Could not connect: Connection refused
2022-09-12 12:56:59,010 INFO pylorax: Unable to init server: Could not connect: Connection refused
2022-09-12 12:56:59,010 INFO pylorax: Unable to init server: Could not connect: Connection refused
2022-09-12 13:00:00,133 INFO pylorax: 
2022-09-12 13:00:00,133 INFO pylorax: ================================================================================
2022-09-12 13:00:00,133 INFO pylorax: ================================================================================
2022-09-12 13:00:00,133 INFO pylorax: Installation
2022-09-12 13:00:00,133 INFO pylorax: 
2022-09-12 13:00:00,133 INFO pylorax: 1) [x] Language settings                 2) [x] Time settings
2022-09-12 13:00:00,133 INFO pylorax: (English (United States))                (America/Chicago timezone)
2022-09-12 13:00:00,133 INFO pylorax: 3) [!] Installation source               4) [!] Software selection
2022-09-12 13:00:00,134 INFO pylorax: (Error setting up software               (Error checking software
2022-09-12 13:00:00,134 INFO pylorax: source)                                  selection)
2022-09-12 13:00:00,134 INFO pylorax: 5) [ ] User creation
2022-09-12 13:00:00,134 INFO pylorax: (No user will be created)
2022-09-12 13:00:00,134 INFO pylorax: 
2022-09-12 13:00:00,134 INFO pylorax: 
2022-09-12 13:00:00,134 INFO pylorax: The installation was stopped due to an error which occurred while running in non-interactive cmdline mode. Since there cannot be any questions in cmdline mode, edit your kickstart file and retry installation.
2022-09-12 13:00:00,134 INFO pylorax: The exact error message is:
2022-09-12 13:00:00,134 INFO pylorax: 
2022-09-12 13:00:00,134 INFO pylorax: The following mandatory spokes are not completed:
2022-09-12 13:00:00,134 INFO pylorax: Installation source
2022-09-12 13:00:00,134 INFO pylorax: Software selection.
2022-09-12 13:00:00,134 INFO pylorax: 
2022-09-12 13:00:00,134 INFO pylorax: The installer will now terminate.
2022-09-12 13:00:00,135 INFO pylorax: Error in atexit._run_exitfuncs:
2022-09-12 13:00:00,135 INFO pylorax: Traceback (most recent call last):
2022-09-12 13:00:00,135 INFO pylorax: File "/usr/lib/python3.6/site-packages/dasbus/client/handler.py", line 477, in _get_method_reply
2022-09-12 13:00:00,135 INFO pylorax: return self._handle_method_error(error)
2022-09-12 13:00:00,135 INFO pylorax: File "/usr/lib/python3.6/site-packages/dasbus/client/handler.py", line 497, in _handle_method_error
2022-09-12 13:00:00,135 INFO pylorax: raise exception from None
2022-09-12 13:00:00,135 INFO pylorax: dasbus.error.DBusError: umount of /run/user/1000 failed (32)
2022-09-12 13:00:00,202 ERROR pylorax: Running anaconda failed: process '['anaconda', '--kickstart', '/home/tfsupport/MSCloudServer/msposapp/bin/centos8-rti.ks', '--cmdline', '--loglevel', 'debug', '--dirinstall', '--remotelog', '127.0.0.1:54647']' exited with status 1
2022-09-12 13:00:00,202 INFO livemedia-creator: Shutting down log processing
2022-09-12 13:00:00,205 DEBUG pylorax: Removing device-mapper setup on centos8-rti-docker.tar
2022-09-12 13:00:00,206 DEBUG pylorax: Removing loop device for /var/tmp/centos8-rti-docker.tar.xz
2022-09-12 13:00:00,212 ERROR pylorax: Install failed: novirt_install failed
2022-09-12 13:00:00,212 ERROR pylorax: ERROR: Image creation failed: novirt_install failed
2022-09-12 13:00:00,212 ERROR livemedia-creator: Image creation failed: novirt_install failed
